2020-04-20 12:04:01,899 [Worker-7: Loading available Gradle versions] INFO  o.e.b.c.i.u.g.PublishedGradleVersions - Gradle version information cache is up-to-date. Trying to read.
2020-04-20 12:21:19,402 [Worker-39: Building] INFO  o.e.m.c.i.l.LifecycleMappingFactory - Using org.eclipse.m2e.jdt.JarLifecycleMapping lifecycle mapping for MavenProject: stanford-coreNLP:Team153:0.0.1-SNAPSHOT @ /Users/abigailjohnson/Desktop/FINALPROJ/final-project-team-153-news-source-analysis/FinalProject/pom.xml.
2020-04-20 12:21:19,813 [Worker-39: Building] WARN  o.e.m.c.i.embedder.EclipseLogger - Using platform encoding (UTF-8 actually) to copy filtered resources, i.e. build is platform dependent!
2020-04-20 12:21:19,814 [Worker-39: Building] INFO  o.e.m.c.i.embedder.EclipseLogger - skip non existing resourceDirectory /Users/abigailjohnson/Desktop/FINALPROJ/final-project-team-153-news-source-analysis/FinalProject/src/main/resources
2020-04-20 12:21:19,816 [Worker-39: Building] WARN  o.e.m.c.i.embedder.EclipseLogger - Using platform encoding (UTF-8 actually) to copy filtered resources, i.e. build is platform dependent!
2020-04-20 12:21:19,816 [Worker-39: Building] INFO  o.e.m.c.i.embedder.EclipseLogger - skip non existing resourceDirectory /Users/abigailjohnson/Desktop/FINALPROJ/final-project-team-153-news-source-analysis/FinalProject/src/test/resources
2020-04-20 12:21:20,264 [Worker-30: Updating Maven Dependencies] INFO  o.e.m.c.i.l.LifecycleMappingFactory - Using org.eclipse.m2e.jdt.JarLifecycleMapping lifecycle mapping for MavenProject: stanford-coreNLP:Team153:0.0.1-SNAPSHOT @ /Users/abigailjohnson/Desktop/FINALPROJ/final-project-team-153-news-source-analysis/FinalProject/pom.xml.
2020-04-20 12:21:21,359 [Worker-29: Building] WARN  o.e.m.c.i.embedder.EclipseLogger - Using platform encoding (UTF-8 actually) to copy filtered resources, i.e. build is platform dependent!
2020-04-20 12:21:21,360 [Worker-29: Building] INFO  o.e.m.c.i.embedder.EclipseLogger - skip non existing resourceDirectory /Users/abigailjohnson/Desktop/FINALPROJ/final-project-team-153-news-source-analysis/FinalProject/src/main/resources
2020-04-20 12:21:21,362 [Worker-29: Building] WARN  o.e.m.c.i.embedder.EclipseLogger - Using platform encoding (UTF-8 actually) to copy filtered resources, i.e. build is platform dependent!
2020-04-20 12:21:21,362 [Worker-29: Building] INFO  o.e.m.c.i.embedder.EclipseLogger - skip non existing resourceDirectory /Users/abigailjohnson/Desktop/FINALPROJ/final-project-team-153-news-source-analysis/FinalProject/src/test/resources
2020-04-20 15:58:47,414 [Worker-6: Loading available Gradle versions] INFO  o.e.b.c.i.u.g.PublishedGradleVersions - Gradle version information cache is up-to-date. Trying to read.
2020-04-20 16:03:51,280 [Worker-2: Loading available Gradle versions] INFO  o.e.b.c.i.u.g.PublishedGradleVersions - Gradle version information cache is up-to-date. Trying to read.
2020-04-20 16:04:08,321 [Worker-10: Building] WARN  o.e.m.c.i.embedder.EclipseLogger - Using platform encoding (UTF-8 actually) to copy filtered resources, i.e. build is platform dependent!
2020-04-20 16:04:08,322 [Worker-10: Building] INFO  o.e.m.c.i.embedder.EclipseLogger - skip non existing resourceDirectory /Users/abigailjohnson/Desktop/FINALPROJ/final-project-team-153-news-source-analysis/FinalProject/src/main/resources
2020-04-20 16:04:08,324 [Worker-10: Building] WARN  o.e.m.c.i.embedder.EclipseLogger - Using platform encoding (UTF-8 actually) to copy filtered resources, i.e. build is platform dependent!
2020-04-20 16:04:08,324 [Worker-10: Building] INFO  o.e.m.c.i.embedder.EclipseLogger - skip non existing resourceDirectory /Users/abigailjohnson/Desktop/FINALPROJ/final-project-team-153-news-source-analysis/FinalProject/src/test/resources
2020-04-20 16:05:50,946 [Worker-5: Loading available Gradle versions] INFO  o.e.b.c.i.u.g.PublishedGradleVersions - Gradle version information cache is up-to-date. Trying to read.
2020-04-20 16:05:56,482 [Worker-0: Building] WARN  o.e.m.c.i.embedder.EclipseLogger - Using platform encoding (UTF-8 actually) to copy filtered resources, i.e. build is platform dependent!
2020-04-20 16:05:56,483 [Worker-0: Building] INFO  o.e.m.c.i.embedder.EclipseLogger - skip non existing resourceDirectory /Users/abigailjohnson/Desktop/FINALPROJ/final-project-team-153-news-source-analysis/FinalProject/src/main/resources
2020-04-20 16:05:56,484 [Worker-0: Building] WARN  o.e.m.c.i.embedder.EclipseLogger - Using platform encoding (UTF-8 actually) to copy filtered resources, i.e. build is platform dependent!
2020-04-20 16:05:56,485 [Worker-0: Building] INFO  o.e.m.c.i.embedder.EclipseLogger - skip non existing resourceDirectory /Users/abigailjohnson/Desktop/FINALPROJ/final-project-team-153-news-source-analysis/FinalProject/src/test/resources
2020-04-20 17:23:12,775 [Worker-22: Building] WARN  o.e.m.c.i.embedder.EclipseLogger - Using platform encoding (UTF-8 actually) to copy filtered resources, i.e. build is platform dependent!
2020-04-20 17:23:12,777 [Worker-22: Building] INFO  o.e.m.c.i.embedder.EclipseLogger - skip non existing resourceDirectory /Users/abigailjohnson/Desktop/FINALPROJ/final-project-team-153-news-source-analysis/FinalProject/src/main/resources
2020-04-20 17:23:12,778 [Worker-22: Building] WARN  o.e.m.c.i.embedder.EclipseLogger - Using platform encoding (UTF-8 actually) to copy filtered resources, i.e. build is platform dependent!
2020-04-20 17:23:12,778 [Worker-22: Building] INFO  o.e.m.c.i.embedder.EclipseLogger - skip non existing resourceDirectory /Users/abigailjohnson/Desktop/FINALPROJ/final-project-team-153-news-source-analysis/FinalProject/src/test/resources
2020-04-20 17:27:52,661 [Worker-34: Building] WARN  o.e.m.c.i.embedder.EclipseLogger - Using platform encoding (UTF-8 actually) to copy filtered resources, i.e. build is platform dependent!
2020-04-20 17:27:52,661 [Worker-34: Building] INFO  o.e.m.c.i.embedder.EclipseLogger - skip non existing resourceDirectory /Users/abigailjohnson/Desktop/FINALPROJ/final-project-team-153-news-source-analysis/FinalProject/src/main/resources
2020-04-20 17:27:52,662 [Worker-34: Building] WARN  o.e.m.c.i.embedder.EclipseLogger - Using platform encoding (UTF-8 actually) to copy filtered resources, i.e. build is platform dependent!
2020-04-20 17:27:52,663 [Worker-34: Building] INFO  o.e.m.c.i.embedder.EclipseLogger - skip non existing resourceDirectory /Users/abigailjohnson/Desktop/FINALPROJ/final-project-team-153-news-source-analysis/FinalProject/src/test/resources
2020-04-20 17:29:31,285 [Worker-29: Building] WARN  o.e.m.c.i.embedder.EclipseLogger - Using platform encoding (UTF-8 actually) to copy filtered resources, i.e. build is platform dependent!
2020-04-20 17:29:31,286 [Worker-29: Building] INFO  o.e.m.c.i.embedder.EclipseLogger - skip non existing resourceDirectory /Users/abigailjohnson/Desktop/FINALPROJ/final-project-team-153-news-source-analysis/FinalProject/src/main/resources
2020-04-20 17:29:31,287 [Worker-29: Building] WARN  o.e.m.c.i.embedder.EclipseLogger - Using platform encoding (UTF-8 actually) to copy filtered resources, i.e. build is platform dependent!
2020-04-20 17:29:31,287 [Worker-29: Building] INFO  o.e.m.c.i.embedder.EclipseLogger - skip non existing resourceDirectory /Users/abigailjohnson/Desktop/FINALPROJ/final-project-team-153-news-source-analysis/FinalProject/src/test/resources
2020-04-20 17:49:01,700 [Worker-35: Building] WARN  o.e.m.c.i.embedder.EclipseLogger - Using platform encoding (UTF-8 actually) to copy filtered resources, i.e. build is platform dependent!
2020-04-20 17:49:01,700 [Worker-35: Building] INFO  o.e.m.c.i.embedder.EclipseLogger - skip non existing resourceDirectory /Users/abigailjohnson/Desktop/FINALPROJ/final-project-team-153-news-source-analysis/FinalProject/src/main/resources
2020-04-20 17:49:01,701 [Worker-35: Building] WARN  o.e.m.c.i.embedder.EclipseLogger - Using platform encoding (UTF-8 actually) to copy filtered resources, i.e. build is platform dependent!
2020-04-20 17:49:01,701 [Worker-35: Building] INFO  o.e.m.c.i.embedder.EclipseLogger - skip non existing resourceDirectory /Users/abigailjohnson/Desktop/FINALPROJ/final-project-team-153-news-source-analysis/FinalProject/src/test/resources
2020-04-20 17:53:24,405 [Worker-34: Building] WARN  o.e.m.c.i.embedder.EclipseLogger - Using platform encoding (UTF-8 actually) to copy filtered resources, i.e. build is platform dependent!
2020-04-20 17:53:24,406 [Worker-34: Building] INFO  o.e.m.c.i.embedder.EclipseLogger - skip non existing resourceDirectory /Users/abigailjohnson/Desktop/FINALPROJ/final-project-team-153-news-source-analysis/FinalProject/src/main/resources
2020-04-20 17:53:24,408 [Worker-34: Building] WARN  o.e.m.c.i.embedder.EclipseLogger - Using platform encoding (UTF-8 actually) to copy filtered resources, i.e. build is platform dependent!
2020-04-20 17:53:24,409 [Worker-34: Building] INFO  o.e.m.c.i.embedder.EclipseLogger - skip non existing resourceDirectory /Users/abigailjohnson/Desktop/FINALPROJ/final-project-team-153-news-source-analysis/FinalProject/src/test/resources
2020-04-20 17:54:36,748 [Worker-17: Building] WARN  o.e.m.c.i.embedder.EclipseLogger - Using platform encoding (UTF-8 actually) to copy filtered resources, i.e. build is platform dependent!
2020-04-20 17:54:36,748 [Worker-17: Building] INFO  o.e.m.c.i.embedder.EclipseLogger - skip non existing resourceDirectory /Users/abigailjohnson/Desktop/FINALPROJ/final-project-team-153-news-source-analysis/FinalProject/src/main/resources
2020-04-20 17:54:36,749 [Worker-17: Building] WARN  o.e.m.c.i.embedder.EclipseLogger - Using platform encoding (UTF-8 actually) to copy filtered resources, i.e. build is platform dependent!
2020-04-20 17:54:36,750 [Worker-17: Building] INFO  o.e.m.c.i.embedder.EclipseLogger - skip non existing resourceDirectory /Users/abigailjohnson/Desktop/FINALPROJ/final-project-team-153-news-source-analysis/FinalProject/src/test/resources
2020-04-20 18:05:11,311 [Worker-35: Building] WARN  o.e.m.c.i.embedder.EclipseLogger - Using platform encoding (UTF-8 actually) to copy filtered resources, i.e. build is platform dependent!
2020-04-20 18:05:11,311 [Worker-35: Building] INFO  o.e.m.c.i.embedder.EclipseLogger - skip non existing resourceDirectory /Users/abigailjohnson/Desktop/FINALPROJ/final-project-team-153-news-source-analysis/FinalProject/src/main/resources
2020-04-20 18:05:11,312 [Worker-35: Building] WARN  o.e.m.c.i.embedder.EclipseLogger - Using platform encoding (UTF-8 actually) to copy filtered resources, i.e. build is platform dependent!
2020-04-20 18:05:11,313 [Worker-35: Building] INFO  o.e.m.c.i.embedder.EclipseLogger - skip non existing resourceDirectory /Users/abigailjohnson/Desktop/FINALPROJ/final-project-team-153-news-source-analysis/FinalProject/src/test/resources
2020-04-20 18:06:45,344 [Worker-35: Building] WARN  o.e.m.c.i.embedder.EclipseLogger - Using platform encoding (UTF-8 actually) to copy filtered resources, i.e. build is platform dependent!
2020-04-20 18:06:45,345 [Worker-35: Building] INFO  o.e.m.c.i.embedder.EclipseLogger - skip non existing resourceDirectory /Users/abigailjohnson/Desktop/FINALPROJ/final-project-team-153-news-source-analysis/FinalProject/src/main/resources
2020-04-20 18:06:45,346 [Worker-35: Building] WARN  o.e.m.c.i.embedder.EclipseLogger - Using platform encoding (UTF-8 actually) to copy filtered resources, i.e. build is platform dependent!
2020-04-20 18:06:45,346 [Worker-35: Building] INFO  o.e.m.c.i.embedder.EclipseLogger - skip non existing resourceDirectory /Users/abigailjohnson/Desktop/FINALPROJ/final-project-team-153-news-source-analysis/FinalProject/src/test/resources
2020-04-20 18:07:09,348 [Worker-39: Building] WARN  o.e.m.c.i.embedder.EclipseLogger - Using platform encoding (UTF-8 actually) to copy filtered resources, i.e. build is platform dependent!
2020-04-20 18:07:09,349 [Worker-39: Building] INFO  o.e.m.c.i.embedder.EclipseLogger - skip non existing resourceDirectory /Users/abigailjohnson/Desktop/FINALPROJ/final-project-team-153-news-source-analysis/FinalProject/src/main/resources
2020-04-20 18:07:09,350 [Worker-39: Building] WARN  o.e.m.c.i.embedder.EclipseLogger - Using platform encoding (UTF-8 actually) to copy filtered resources, i.e. build is platform dependent!
2020-04-20 18:07:09,350 [Worker-39: Building] INFO  o.e.m.c.i.embedder.EclipseLogger - skip non existing resourceDirectory /Users/abigailjohnson/Desktop/FINALPROJ/final-project-team-153-news-source-analysis/FinalProject/src/test/resources
2020-04-20 18:08:09,390 [Worker-17: Building] WARN  o.e.m.c.i.embedder.EclipseLogger - Using platform encoding (UTF-8 actually) to copy filtered resources, i.e. build is platform dependent!
2020-04-20 18:08:09,391 [Worker-17: Building] INFO  o.e.m.c.i.embedder.EclipseLogger - skip non existing resourceDirectory /Users/abigailjohnson/Desktop/FINALPROJ/final-project-team-153-news-source-analysis/FinalProject/src/main/resources
2020-04-20 18:08:09,392 [Worker-17: Building] WARN  o.e.m.c.i.embedder.EclipseLogger - Using platform encoding (UTF-8 actually) to copy filtered resources, i.e. build is platform dependent!
2020-04-20 18:08:09,392 [Worker-17: Building] INFO  o.e.m.c.i.embedder.EclipseLogger - skip non existing resourceDirectory /Users/abigailjohnson/Desktop/FINALPROJ/final-project-team-153-news-source-analysis/FinalProject/src/test/resources
2020-04-20 18:08:35,039 [Worker-17: Building] WARN  o.e.m.c.i.embedder.EclipseLogger - Using platform encoding (UTF-8 actually) to copy filtered resources, i.e. build is platform dependent!
2020-04-20 18:08:35,040 [Worker-17: Building] INFO  o.e.m.c.i.embedder.EclipseLogger - skip non existing resourceDirectory /Users/abigailjohnson/Desktop/FINALPROJ/final-project-team-153-news-source-analysis/FinalProject/src/main/resources
2020-04-20 18:08:35,042 [Worker-17: Building] WARN  o.e.m.c.i.embedder.EclipseLogger - Using platform encoding (UTF-8 actually) to copy filtered resources, i.e. build is platform dependent!
2020-04-20 18:08:35,042 [Worker-17: Building] INFO  o.e.m.c.i.embedder.EclipseLogger - skip non existing resourceDirectory /Users/abigailjohnson/Desktop/FINALPROJ/final-project-team-153-news-source-analysis/FinalProject/src/test/resources
2020-04-20 18:14:50,050 [Worker-39: Building] WARN  o.e.m.c.i.embedder.EclipseLogger - Using platform encoding (UTF-8 actually) to copy filtered resources, i.e. build is platform dependent!
2020-04-20 18:14:50,051 [Worker-39: Building] INFO  o.e.m.c.i.embedder.EclipseLogger - skip non existing resourceDirectory /Users/abigailjohnson/Desktop/FINALPROJ/final-project-team-153-news-source-analysis/FinalProject/src/main/resources
2020-04-20 18:14:50,052 [Worker-39: Building] WARN  o.e.m.c.i.embedder.EclipseLogger - Using platform encoding (UTF-8 actually) to copy filtered resources, i.e. build is platform dependent!
2020-04-20 18:14:50,052 [Worker-39: Building] INFO  o.e.m.c.i.embedder.EclipseLogger - skip non existing resourceDirectory /Users/abigailjohnson/Desktop/FINALPROJ/final-project-team-153-news-source-analysis/FinalProject/src/test/resources
2020-04-20 18:16:13,422 [Worker-42: Building] WARN  o.e.m.c.i.embedder.EclipseLogger - Using platform encoding (UTF-8 actually) to copy filtered resources, i.e. build is platform dependent!
2020-04-20 18:16:13,423 [Worker-42: Building] INFO  o.e.m.c.i.embedder.EclipseLogger - skip non existing resourceDirectory /Users/abigailjohnson/Desktop/FINALPROJ/final-project-team-153-news-source-analysis/FinalProject/src/main/resources
2020-04-20 18:16:13,424 [Worker-42: Building] WARN  o.e.m.c.i.embedder.EclipseLogger - Using platform encoding (UTF-8 actually) to copy filtered resources, i.e. build is platform dependent!
2020-04-20 18:16:13,424 [Worker-42: Building] INFO  o.e.m.c.i.embedder.EclipseLogger - skip non existing resourceDirectory /Users/abigailjohnson/Desktop/FINALPROJ/final-project-team-153-news-source-analysis/FinalProject/src/test/resources
2020-04-20 18:19:17,602 [Worker-43: Building] WARN  o.e.m.c.i.embedder.EclipseLogger - Using platform encoding (UTF-8 actually) to copy filtered resources, i.e. build is platform dependent!
2020-04-20 18:19:17,603 [Worker-43: Building] INFO  o.e.m.c.i.embedder.EclipseLogger - skip non existing resourceDirectory /Users/abigailjohnson/Desktop/FINALPROJ/final-project-team-153-news-source-analysis/FinalProject/src/main/resources
2020-04-20 18:19:17,604 [Worker-43: Building] WARN  o.e.m.c.i.embedder.EclipseLogger - Using platform encoding (UTF-8 actually) to copy filtered resources, i.e. build is platform dependent!
2020-04-20 18:19:17,605 [Worker-43: Building] INFO  o.e.m.c.i.embedder.EclipseLogger - skip non existing resourceDirectory /Users/abigailjohnson/Desktop/FINALPROJ/final-project-team-153-news-source-analysis/FinalProject/src/test/resources
2020-04-20 18:19:56,345 [Worker-46: Building] WARN  o.e.m.c.i.embedder.EclipseLogger - Using platform encoding (UTF-8 actually) to copy filtered resources, i.e. build is platform dependent!
2020-04-20 18:19:56,346 [Worker-46: Building] INFO  o.e.m.c.i.embedder.EclipseLogger - skip non existing resourceDirectory /Users/abigailjohnson/Desktop/FINALPROJ/final-project-team-153-news-source-analysis/FinalProject/src/main/resources
2020-04-20 18:19:56,348 [Worker-46: Building] WARN  o.e.m.c.i.embedder.EclipseLogger - Using platform encoding (UTF-8 actually) to copy filtered resources, i.e. build is platform dependent!
2020-04-20 18:19:56,348 [Worker-46: Building] INFO  o.e.m.c.i.embedder.EclipseLogger - skip non existing resourceDirectory /Users/abigailjohnson/Desktop/FINALPROJ/final-project-team-153-news-source-analysis/FinalProject/src/test/resources
